<?xml version="1.0" encoding="UTF-8"?>
<!-- Generated by org.testng.reporters.JUnitReportReporter -->
<testsuite skipped="0" hostname="DESKTOP-6U4LQI8" name="scripts.TestValidLogin" tests="1" failures="0" timestamp="08 Jul 2019 05:15:30 GMT" time="28.316" errors="0">
  <testcase name="testValidLogin" time="28.316" classname="scripts.TestValidLogin"/>
</testsuite> <!-- scripts.TestValidLogin -->
